[18/03/2021 02:47:52.840] +-------------------------------+
| +-------+                     |
| | flags |                     |
| +-------+                     |
+-------------------------------+
| +---+-----------+----------+  |
| | 1 | -0.034906 | 0.000000 |  |
| +---+-----------+----------+  |
+-------------------------------+
| +---+-----------+----------+  |
| | 2 | -0.069812 | 0.000000 |  |
| +---+-----------+----------+  |
+-------------------------------+
| +---+----------+----------+   |
| | 3 | 0.000000 | 0.347914 |   |
| +---+----------+----------+   |
+-------------------------------+
| +---+-----------+----------+  |
| | 4 | -0.034906 | 0.195829 |  |
| +---+-----------+----------+  |
+-------------------------------+
| +---+-----------+----------+  |
| | 5 | -0.069812 | 0.043743 |  |
| +---+-----------+----------+  |
+-------------------------------+
| +---+-----------+----------+  |
| | 6 | -0.104718 | 0.000000 |  |
| +---+-----------+----------+  |
+-------------------------------+
| +---+----------+----------+   |
| | 7 | 0.000000 | 0.282872 |   |
| +---+----------+----------+   |
+-------------------------------+
| +---+-----------+----------+  |
| | 8 | -0.034906 | 0.130787 |  |
| +---+-----------+----------+  |
+-------------------------------+
| +---+-----------+----------+  |
| | 9 | -0.069812 | 0.000000 |  |
| +---+-----------+----------+  |
+-------------------------------+
| +----+-----------+----------+ |
| | 10 | -0.104718 | 0.000000 | |
| +----+-----------+----------+ |
+-------------------------------+
| +----+-----------+----------+ |
| | 11 | -0.139624 | 0.000000 | |
| +----+-----------+----------+ |
+-------------------------------+
| +----+-----------+----------+ |
| | 12 | -0.174530 | 0.000000 | |
| +----+-----------+----------+ |
+-------------------------------+
| +----+-----------+----------+ |
| | 13 | -0.209436 | 0.000000 | |
| +----+-----------+----------+ |
+-------------------------------+
| +----+----------+----------+  |
| | 14 | 0.000000 | 0.643751 |  |
| +----+----------+----------+  |
+-------------------------------+
| +----+-----------+----------+ |
| | 15 | -0.034906 | 0.491665 | |
| +----+-----------+----------+ |
+-------------------------------+
| +----+----------+----------+  |
| | 16 | 0.000000 | 0.800311 |  |
| +----+----------+----------+  |
+-------------------------------+
[18/03/2021 02:47:52.854] +-------------------------------+
| +--------+                    |
| | src_ip |                    |
| +--------+                    |
+-------------------------------+
| +---+-----------+----------+  |
| | 1 | -0.016239 | 0.000000 |  |
| +---+-----------+----------+  |
+-------------------------------+
| +---+-----------+----------+  |
| | 2 | -0.032478 | 0.000000 |  |
| +---+-----------+----------+  |
+-------------------------------+
| +---+-----------+----------+  |
| | 3 | -0.048717 | 0.000000 |  |
| +---+-----------+----------+  |
+-------------------------------+
| +---+-----------+----------+  |
| | 4 | -0.064955 | 0.000000 |  |
| +---+-----------+----------+  |
+-------------------------------+
| +---+-----------+----------+  |
| | 5 | -0.081194 | 0.000000 |  |
| +---+-----------+----------+  |
+-------------------------------+
| +---+-----------+----------+  |
| | 6 | -0.097433 | 0.000000 |  |
| +---+-----------+----------+  |
+-------------------------------+
| +---+----------+----------+   |
| | 7 | 0.000000 | 0.364205 |   |
| +---+----------+----------+   |
+-------------------------------+
| +---+-----------+----------+  |
| | 8 | -0.016239 | 0.293452 |  |
| +---+-----------+----------+  |
+-------------------------------+
| +---+-----------+----------+  |
| | 9 | -0.032478 | 0.222700 |  |
| +---+-----------+----------+  |
+-------------------------------+
| +----+-----------+----------+ |
| | 10 | -0.048717 | 0.151947 | |
| +----+-----------+----------+ |
+-------------------------------+
| +----+-----------+----------+ |
| | 11 | -0.064955 | 0.081194 | |
| +----+-----------+----------+ |
+-------------------------------+
| +----+-----------+----------+ |
| | 12 | -0.081194 | 0.010441 | |
| +----+-----------+----------+ |
+-------------------------------+
| +----+-----------+----------+ |
| | 13 | -0.097433 | 0.000000 | |
| +----+-----------+----------+ |
+-------------------------------+
| +----+----------+----------+  |
| | 14 | 0.000000 | 0.225084 |  |
| +----+----------+----------+  |
+-------------------------------+
| +----+-----------+----------+ |
| | 15 | -0.016239 | 0.154331 | |
| +----+-----------+----------+ |
+-------------------------------+
| +----+----------+----------+  |
| | 16 | 0.000000 | 0.544310 |  |
| +----+----------+----------+  |
+-------------------------------+
[18/03/2021 02:47:52.869] +-------------------------------+
| +----------+                  |
| | src_port |                  |
| +----------+                  |
+-------------------------------+
| +---+-----------+----------+  |
| | 1 | -0.034906 | 0.000000 |  |
| +---+-----------+----------+  |
+-------------------------------+
| +---+-----------+----------+  |
| | 2 | -0.069812 | 0.000000 |  |
| +---+-----------+----------+  |
+-------------------------------+
| +---+----------+----------+   |
| | 3 | 0.000000 | 0.347914 |   |
| +---+----------+----------+   |
+-------------------------------+
| +---+-----------+----------+  |
| | 4 | -0.034906 | 0.195829 |  |
| +---+-----------+----------+  |
+-------------------------------+
| +---+-----------+----------+  |
| | 5 | -0.069812 | 0.043743 |  |
| +---+-----------+----------+  |
+-------------------------------+
| +---+-----------+----------+  |
| | 6 | -0.104718 | 0.000000 |  |
| +---+-----------+----------+  |
+-------------------------------+
| +---+----------+----------+   |
| | 7 | 0.000000 | 0.282872 |   |
| +---+----------+----------+   |
+-------------------------------+
| +---+-----------+----------+  |
| | 8 | -0.034906 | 0.130787 |  |
| +---+-----------+----------+  |
+-------------------------------+
| +---+-----------+----------+  |
| | 9 | -0.069812 | 0.000000 |  |
| +---+-----------+----------+  |
+-------------------------------+
| +----+-----------+----------+ |
| | 10 | -0.104718 | 0.000000 | |
| +----+-----------+----------+ |
+-------------------------------+
| +----+-----------+----------+ |
| | 11 | -0.139624 | 0.000000 | |
| +----+-----------+----------+ |
+-------------------------------+
| +----+-----------+----------+ |
| | 12 | -0.174530 | 0.000000 | |
| +----+-----------+----------+ |
+-------------------------------+
| +----+-----------+----------+ |
| | 13 | -0.209436 | 0.000000 | |
| +----+-----------+----------+ |
+-------------------------------+
| +----+----------+----------+  |
| | 14 | 0.000000 | 0.643751 |  |
| +----+----------+----------+  |
+-------------------------------+
| +----+-----------+----------+ |
| | 15 | -0.034906 | 0.491665 | |
| +----+-----------+----------+ |
+-------------------------------+
| +----+----------+----------+  |
| | 16 | 0.000000 | 0.800311 |  |
| +----+----------+----------+  |
+-------------------------------+
