dst_port: 
32801: 1
32824: 1
33228: 1
33304: 1
34039: 1
34192: 1
35274: 1
35792: 11
35794: 12
36260: 7
36297: 1
36446: 1
36793: 1
36796: 1
37027: 1
37272: 1
37675: 1
37705: 1
37887: 1
38135: 1
38306: 1
38320: 12
38695: 1
38819: 1
38822: 3
38830: 3
39648: 1
40038: 1
40042: 1
40385: 1
40521: 1
40779: 1
41093: 1
41207: 1
41306: 1
41534: 1
42181: 1
43444: 1
43521: 1
44380: 1
44416: 1
44609: 1
44749: 1
44816: 1
45220: 1
46101: 1
46441: 1
46726: 1
46873: 1
47020: 1
47053: 1
47063: 1
47262: 3
47264: 7
47278: 1
47457: 1
47668: 1
47678: 1
47750: 11
47758: 12
47766: 2
47768: 7
47770: 7
47986: 3
49454: 1
50068: 1
50817: 1
51016: 1
51046: 1
51602: 1
51664: 11
52230: 1
52325: 1
52369: 1
52777: 1
52888: 1
53719: 1
54915: 5
55163: 1
55583: 1
55603: 1
55688: 1
56178: 1
57871: 1
57960: 1
58088: 14
58120: 1
58384: 1
58434: 1
58564: 1
58671: 1
58707: 1
58733: 1
59646: 1
60240: 17
60746: 6
60748: 6
60864: 11
flags: 
-: 81
ACK: 74
SYN,ACK: 21
PSH,ACK: 69
FIN,PSH,ACK: 2
protocol: 
TCP
UDP
src_ip: 
192.168.109.1: 5
192.168.109.2: 76
117.18.237.29: 11
91.189.92.40: 7
172.217.24.46: 12
54.230.126.63: 39
172.217.24.67: 3
34.107.221.82: 6
52.43.72.100: 14
13.224.164.122: 17
13.227.53.129: 12
35.244.247.133: 23
52.37.132.164: 11
111.221.29.254: 11
src_port: 
53: 76
80: 20
443: 146
54915: 5
dst_port: 
33520: 1
33562: 11
35794: 8
36260: 3
38298: 1
38304: 10
38306: 10
38308: 11
38310: 10
38312: 10
38314: 10
38320: 100
39501: 2
40066: 1
42258: 40
42260: 12
42262: 12
43742: 178
43744: 11
45094: 1
45096: 12
47278: 3
47516: 359
47766: 6
47768: 2
47770: 2
47986: 10
48016: 5
48018: 5
48020: 5
48022: 5
48033: 1
49322: 1
52735: 1
52894: 1
52898: 14
53108: 1
53114: 10
54915: 5
58796: 1
59704: 1
60129: 1
60746: 3
60748: 3
flags: 
-: 16
ACK: 555
SYN,ACK: 23
PSH,ACK: 294
FIN,PSH,ACK: 11
protocol: 
TCP
UDP
src_ip: 
192.168.109.1: 5
192.168.109.2: 11
216.58.200.2: 14
216.58.199.3: 189
117.18.237.29: 3
91.189.92.40: 3
172.217.24.46: 100
54.230.126.63: 10
172.217.24.67: 30
216.58.200.67: 62
142.250.199.74: 11
216.58.200.86: 359
216.58.199.99: 13
13.227.53.129: 6
35.244.247.133: 8
172.217.174.193: 64
216.58.220.196: 11
src_port: 
53: 11
80: 33
443: 850
54915: 5
dst_port: 
37234: 1
38320: 85
38822: 1
38830: 2
46340: 1
47516: 108
47768: 1
47770: 1
54915: 5
flags: 
-: 7
ACK: 130
PSH,ACK: 66
FIN,PSH,ACK: 2
protocol: 
TCP
UDP
src_ip: 
192.168.109.1: 5
192.168.109.2: 2
172.217.24.46: 85
54.230.126.63: 2
34.107.221.82: 3
216.58.200.86: 108
src_port: 
53: 2
80: 3
443: 195
54915: 5
dst_port: 
33338: 1
37660: 1
38320: 231
40600: 1
42014: 20
42258: 9
42294: 10
42531: 1
42702: 1
44695: 1
45717: 1
47262: 1
47264: 1
47516: 52
47750: 1
47766: 1
47986: 2
48016: 2
48018: 3
48020: 1
48022: 1
48036: 3
48899: 1
51986: 8
51988: 8
52626: 205
52628: 652
52845: 1
54915: 6
55584: 1
56085: 1
56685: 1
56870: 17
57020: 1
57350: 1
59186: 1
59198: 66
59200: 255
59268: 1
flags: 
-: 22
ACK: 952
SYN,ACK: 10
PSH,ACK: 586
FIN,PSH,ACK: 1
protocol: 
TCP
UDP
src_ip: 
192.168.109.1: 6
192.168.109.2: 16
117.18.237.29: 2
172.217.24.46: 231
54.230.126.63: 2
172.217.24.66: 20
172.217.24.67: 12
216.58.200.86: 52
74.125.164.168: 857
172.217.174.193: 19
74.125.164.202: 16
172.217.174.202: 17
74.125.164.231: 321
src_port: 
53: 16
80: 14
443: 1535
54915: 6
dst_port: 
38320: 16
38822: 2
42014: 4
48020: 2
48380: 12
48494: 1
52628: 202
54356: 1
54915: 5
flags: 
-: 7
ACK: 169
SYN,ACK: 1
PSH,ACK: 68
protocol: 
TCP
UDP
src_ip: 
192.168.109.1: 5
192.168.109.2: 2
172.217.24.46: 16
172.217.24.66: 4
172.217.24.67: 2
34.107.221.82: 2
172.217.26.134: 12
74.125.164.168: 202
src_port: 
53: 2
80: 4
443: 234
54915: 5
dst_port: 
35888: 15
38320: 10
38830: 1
38919: 1
42176: 1
46241: 1
47262: 1
47264: 1
47750: 1
47766: 1
47986: 1
48016: 1
48018: 1
48022: 3
48036: 1
51986: 1
51988: 1
52626: 52
52628: 81
54915: 6
59198: 1
flags: 
-: 9
ACK: 85
SYN,ACK: 1
PSH,ACK: 87
protocol: 
TCP
UDP
src_ip: 
192.168.109.1: 6
192.168.109.2: 3
117.18.237.29: 2
172.217.24.46: 10
54.230.126.63: 2
172.217.24.67: 7
34.107.221.82: 1
74.125.164.168: 133
216.58.220.194: 15
74.125.164.202: 2
74.125.164.231: 1
src_port: 
53: 3
80: 10
443: 163
54915: 6
dst_port: 
35176: 1
35568: 1
38320: 21
38343: 1
39469: 1
44374: 14
46165: 1
47264: 4
48020: 1
49384: 2
50165: 1
51752: 15
54667: 1
54915: 5
59200: 1
flags: 
-: 14
ACK: 32
SYN,ACK: 2
PSH,ACK: 22
protocol: 
TCP
UDP
src_ip: 
192.168.109.1: 5
192.168.109.2: 9
117.18.237.29: 4
172.217.24.46: 21
35.162.157.58: 14
172.217.24.67: 1
35.244.181.201: 15
74.125.164.231: 1
src_port: 
53: 9
80: 5
443: 51
54915: 5
dst_port: 
38822: 1
38830: 1
47262: 1
47750: 1
47766: 1
47986: 1
48016: 1
48018: 2
48036: 1
51986: 1
51988: 1
52626: 1
52628: 1
54915: 5
59198: 1
flags: 
-: 5
ACK: 15
protocol: 
TCP
UDP
src_ip: 
192.168.109.1: 5
117.18.237.29: 1
54.230.126.63: 2
172.217.24.67: 5
34.107.221.82: 2
74.125.164.168: 2
74.125.164.202: 2
74.125.164.231: 1
src_port: 
80: 8
443: 7
54915: 5
dst_port: 
33562: 17
34426: 1
38320: 28
38488: 11
43742: 11
44452: 1
45096: 8
47516: 264
48020: 1
48022: 1
52898: 3
54915: 5
59198: 1795
59200: 53
flags: 
-: 7
ACK: 1708
SYN,ACK: 1
PSH,ACK: 481
FIN,PSH,ACK: 2
protocol: 
TCP
UDP
src_ip: 
192.168.109.1: 5
192.168.109.2: 2
216.58.200.2: 3
216.58.199.3: 11
172.217.24.46: 28
172.217.24.67: 2
104.79.97.73: 11
216.58.200.86: 264
216.58.199.99: 8
216.58.220.196: 17
74.125.164.231: 1848
src_port: 
53: 2
80: 2
443: 2190
54915: 5
dst_port: 
33562: 4
34204: 1
35520: 1
35794: 4
35888: 4
36777: 1
38304: 4
38320: 40
38488: 2
38822: 3
38830: 3
41787: 1
42014: 4
42258: 4
43742: 4
44374: 4
45096: 4
45262: 1
47262: 3
47264: 3
47516: 4
47750: 4
47766: 4
47986: 2
48016: 2
48018: 2
48020: 2
48022: 2
48036: 2
48380: 4
48437: 1
49212: 13
49214: 9
51664: 4
51752: 4
51986: 3
51988: 3
52626: 4
52628: 4
52898: 4
53114: 4
54915: 6
56144: 17
56255: 1
59198: 243
59200: 3
60240: 4
flags: 
-: 13
ACK: 353
SYN,ACK: 3
PSH,ACK: 43
FIN,PSH,ACK: 38
protocol: 
TCP
UDP
src_ip: 
192.168.109.1: 6
192.168.109.2: 7
216.58.200.2: 4
216.58.199.3: 4
117.18.237.29: 6
172.217.24.46: 40
35.162.157.58: 4
54.230.126.63: 8
172.217.24.66: 4
172.217.24.67: 12
216.58.200.67: 4
104.79.97.73: 2
142.250.199.74: 4
34.107.221.82: 6
216.58.200.86: 4
13.107.5.93: 22
216.58.199.99: 4
13.224.164.122: 4
35.244.247.133: 4
172.217.26.134: 4
52.37.132.164: 4
74.125.164.168: 8
172.217.174.193: 4
216.58.220.194: 4
216.58.220.196: 4
192.229.232.200: 17
35.244.181.201: 4
74.125.164.202: 6
74.125.164.231: 246
src_port: 
53: 7
80: 24
443: 413
54915: 6
dst_ip: 
4285376704: 11
dst_port: 
54915: 11
flags: 
-: 11
length: 
305: 11
protocol: 
UDP
src_ip: 
192.168.109.1: 11
src_port: 
54915: 11
dst_ip: 
4285376704: 11
dst_port: 
54915: 11
flags: 
-: 11
length: 
305: 11
protocol: 
UDP
src_ip: 
192.168.109.1: 11
src_port: 
54915: 11
dst_ip: 
4285376704: 11
dst_port: 
54915: 11
flags: 
-: 11
length: 
305: 11
protocol: 
UDP
src_ip: 
192.168.109.1: 11
src_port: 
54915: 11
dst_ip: 
4285376704: 11
dst_port: 
54915: 11
flags: 
-: 11
length: 
305: 11
protocol: 
UDP
src_ip: 
192.168.109.1: 11
src_port: 
54915: 11
dst_ip: 
4285376704: 11
dst_port: 
54915: 11
flags: 
-: 11
length: 
305: 11
protocol: 
UDP
src_ip: 
192.168.109.1: 11
src_port: 
54915: 11
dst_ip: 
0: 1
2188224704: 1
4285376704: 11
dst_port: 
0: 1
54915: 11
58950: 1
flags: 
-: 12
ACK: 1
length: 
60: 2
305: 11
protocol: 
-
TCP
UDP
src_ip: 
0.0.0.0: 1
192.168.109.1: 11
117.18.232.200: 1
src_port: 
0: 1
443: 1
54915: 11
dst_ip: 
0: 1
4285376704: 11
dst_port: 
0: 1
54915: 11
flags: 
-: 12
length: 
60: 1
305: 11
protocol: 
-
UDP
src_ip: 
0.0.0.0: 1
192.168.109.1: 11
src_port: 
0: 1
54915: 11
dst_ip: 
4285376704: 11
dst_port: 
54915: 11
flags: 
-: 11
length: 
305: 11
protocol: 
UDP
src_ip: 
192.168.109.1: 11
src_port: 
54915: 11
dst_ip: 
4285376704: 11
dst_port: 
54915: 11
flags: 
-: 11
length: 
305: 11
protocol: 
UDP
src_ip: 
192.168.109.1: 11
src_port: 
54915: 11
dst_ip: 
4285376704: 11
dst_port: 
54915: 11
flags: 
-: 11
length: 
305: 11
protocol: 
UDP
src_ip: 
192.168.109.1: 11
src_port: 
54915: 11
dst_ip: 
2188224704: 1
4285376704: 11
dst_port: 
54915: 11
58950: 1
flags: 
-: 11
ACK: 1
length: 
60: 1
305: 11
protocol: 
TCP
UDP
src_ip: 
192.168.109.1: 11
117.18.232.200: 1
src_port: 
443: 1
54915: 11
dst_ip: 
4285376704: 11
dst_port: 
54915: 11
flags: 
-: 11
length: 
305: 11
protocol: 
UDP
src_ip: 
192.168.109.1: 11
src_port: 
54915: 11
dst_ip: 
2188224704: 14
4285376704: 11
dst_port: 
33122: 11
33248: 1
38259: 1
42571: 1
54915: 11
flags: 
-: 14
ACK: 6
SYN,ACK: 1
PSH,ACK: 3
FIN,PSH,ACK: 1
length: 
60: 6
105: 1
163: 1
164: 1
224: 1
305: 11
368: 1
1140: 1
1274: 1
1514: 1
protocol: 
TCP
UDP
src_ip: 
192.168.109.1: 11
192.168.109.2: 3
111.221.29.254: 11
src_port: 
53: 3
443: 11
54915: 11
dst_ip: 
4285376704: 11
dst_port: 
54915: 11
flags: 
-: 11
length: 
305: 11
protocol: 
UDP
src_ip: 
192.168.109.1: 11
src_port: 
54915: 11
dst_ip: 
2188224704: 2
4285376704: 11
dst_port: 
54915: 11
58950: 2
flags: 
-: 11
ACK: 1
FIN,PSH,ACK: 1
length: 
60: 1
135: 1
305: 11
protocol: 
TCP
UDP
src_ip: 
192.168.109.1: 11
117.18.232.200: 2
src_port: 
443: 2
54915: 11
dst_ip: 
2188224704: 6
4285376704: 11
dst_port: 
33436: 1
33754: 1
51440: 4
54915: 11
flags: 
-: 13
ACK: 2
SYN,ACK: 1
FIN,PSH,ACK: 1
length: 
60: 3
148: 1
161: 1
202: 1
305: 11
protocol: 
TCP
UDP
src_ip: 
192.168.109.1: 11
192.168.109.2: 2
34.122.121.32: 4
src_port: 
53: 2
80: 4
54915: 11
dst_ip: 
0: 1
2188224704: 209
4285376704: 10
dst_port: 
0: 1
33292: 1
33474: 1
33990: 11
34055: 1
34620: 1
34683: 1
34723: 1
34725: 1
35072: 1
35776: 1
36328: 1
36620: 11
36886: 1
37096: 1
37324: 25
37640: 1
38746: 1
39434: 3
39438: 3
39543: 1
39646: 1
39729: 1
40730: 1
41600: 11
42462: 1
42653: 1
43348: 1
43417: 1
43707: 1
43901: 1
44857: 1
45652: 1
45906: 1
46933: 1
47882: 5
48032: 1
48376: 11
48378: 13
48384: 7
48386: 7
48388: 7
48586: 3
48921: 1
50358: 1
50781: 1
51186: 1
51609: 1
52385: 1
52987: 1
54600: 1
54736: 1
54915: 10
55122: 1
55128: 16
56038: 1
56441: 1
56696: 25
56715: 1
57108: 1
57584: 1
58179: 1
58462: 1
58538: 1
59009: 1
59918: 1
60468: 1
60669: 1
flags: 
-: 62
ACK: 59
SYN,ACK: 15
PSH,ACK: 83
FIN,PSH,ACK: 1
length: 
60: 66
85: 2
93: 1
97: 1
98: 2
101: 3
105: 3
110: 1
114: 1
116: 2
126: 1
132: 1
133: 1
135: 1
136: 1
141: 1
144: 1
145: 1
147: 1
150: 1
151: 1
153: 1
154: 1
157: 1
160: 1
165: 1
166: 1
169: 1
172: 2
174: 1
178: 1
179: 1
180: 2
181: 1
183: 1
184: 1
185: 1
190: 2
192: 1
199: 1
202: 1
206: 1
208: 1
210: 2
212: 1
213: 1
216: 2
218: 1
232: 1
239: 1
253: 1
264: 1
274: 2
305: 10
313: 1
324: 1
326: 1
341: 2
363: 1
370: 1
398: 1
590: 1
611: 1
634: 1
642: 1
660: 2
688: 1
756: 1
773: 1
853: 2
977: 1
1007: 1
1034: 1
1126: 1
1139: 1
1274: 44
1353: 1
1447: 1
1514: 9
protocol: 
-
TCP
UDP
src_ip: 
0.0.0.0: 1
192.168.109.1: 10
192.168.109.2: 51
13.224.164.13: 25
117.18.237.29: 5
91.189.92.39: 11
44.238.41.48: 11
13.224.164.53: 16
54.230.126.63: 45
172.217.24.67: 3
34.107.221.82: 6
52.10.162.146: 11
172.217.163.234: 25
src_port: 
0: 1
53: 51
80: 14
443: 144
54915: 10
dst_ip: 
2188224704: 16
4285376704: 11
dst_port: 
33990: 1
37324: 1
39434: 1
39438: 1
47882: 1
48376: 1
48384: 3
48386: 3
48388: 3
48586: 1
54915: 11
flags: 
-: 11
ACK: 13
FIN,PSH,ACK: 3
length: 
60: 16
305: 11
protocol: 
TCP
UDP
src_ip: 
192.168.109.1: 11
13.224.164.13: 1
117.18.237.29: 1
54.230.126.63: 10
172.217.24.67: 1
34.107.221.82: 2
52.10.162.146: 1
src_port: 
80: 4
443: 12
54915: 11
dst_ip: 
2188224704: 7
4285376704: 11
dst_port: 
33990: 1
37324: 1
39434: 1
39438: 1
47882: 1
48376: 1
48586: 1
54915: 11
flags: 
-: 11
ACK: 7
length: 
60: 7
305: 11
protocol: 
TCP
UDP
src_ip: 
192.168.109.1: 11
13.224.164.13: 1
117.18.237.29: 1
54.230.126.63: 1
172.217.24.67: 1
34.107.221.82: 2
52.10.162.146: 1
src_port: 
80: 4
443: 3
54915: 11
dst_ip: 
2188224704: 52
4285376704: 10
dst_port: 
32899: 1
33990: 2
37324: 1
39434: 1
39438: 1
44921: 1
47416: 1
47882: 1
48376: 1
48586: 1
49552: 8
49748: 14
54446: 1
54915: 10
55235: 1
56680: 15
58484: 1
59207: 1
flags: 
-: 17
ACK: 27
SYN,ACK: 3
PSH,ACK: 12
FIN,PSH,ACK: 3
length: 
60: 25
77: 1
78: 1
91: 1
150: 1
153: 1
172: 1
182: 1
183: 1
213: 1
222: 1
229: 1
241: 1
276: 1
293: 1
305: 10
380: 1
643: 1
739: 1
963: 1
1274: 3
1296: 1
1514: 5
protocol: 
TCP
UDP
src_ip: 
192.168.109.1: 10
192.168.109.2: 7
13.224.164.13: 1
117.18.237.29: 1
54.230.126.63: 1
172.217.24.67: 1
34.107.221.82: 2
13.107.5.93: 14
52.10.162.146: 2
23.198.125.155: 8
192.229.232.200: 15
src_port: 
53: 7
80: 4
443: 41
54915: 10
dst_ip: 
0: 12
2188224704: 16
4211081440: 8
4227858656: 4
4285376704: 13
dst_port: 
137: 3
5353: 16
5355: 8
33990: 2
37324: 1
39434: 1
39438: 1
47882: 1
48376: 1
48586: 1
49750: 8
54915: 10
flags: 
-: 37
ACK: 12
SYN,ACK: 1
PSH,ACK: 2
FIN,PSH,ACK: 1
length: 
60: 13
64: 4
70: 8
84: 4
90: 8
92: 3
102: 1
199: 1
305: 10
1274: 1
protocol: 
TCP
UDP
src_ip: 
0.0.0.0: 12
192.168.109.1: 25
13.224.164.13: 1
117.18.237.29: 1
54.230.126.63: 1
172.217.24.67: 1
34.107.221.82: 2
13.107.5.93: 8
52.10.162.146: 2
src_port: 
80: 4
137: 3
443: 12
5353: 16
54915: 10
56343: 4
58099: 4
dst_ip: 
0: 12
2188224704: 21
4211081440: 8
4227858656: 4
4285376704: 13
dst_port: 
137: 3
5353: 16
5355: 8
33288: 11
37324: 1
39434: 1
39438: 1
42857: 1
44967: 1
47882: 2
48376: 1
48586: 1
54915: 10
59431: 1
flags: 
-: 40
ACK: 12
SYN,ACK: 1
PSH,ACK: 4
FIN,PSH,ACK: 1
length: 
60: 13
64: 4
70: 8
84: 4
90: 8
92: 3
105: 1
163: 1
164: 1
224: 1
305: 10
368: 1
1274: 2
1380: 1
protocol: 
TCP
UDP
src_ip: 
0.0.0.0: 12
192.168.109.1: 25
192.168.109.2: 3
13.224.164.13: 1
117.18.237.29: 2
54.230.126.63: 1
172.217.24.67: 1
34.107.221.82: 2
111.221.29.254: 11
src_port: 
53: 3
80: 5
137: 3
443: 13
5353: 16
54915: 10
58652: 4
63883: 4
dst_ip: 
2188224704: 90
4285376704: 10
dst_port: 
33990: 13
34002: 20
34004: 9
34006: 10
34008: 10
34010: 11
36071: 1
37324: 2
39434: 2
39438: 2
46469: 1
48376: 1
48586: 1
48971: 1
50894: 1
54915: 10
55004: 1
55128: 2
56687: 1
60664: 1
flags: 
-: 17
ACK: 51
SYN,ACK: 5
PSH,ACK: 27
length: 
60: 50
93: 1
105: 5
116: 1
141: 1
206: 1
213: 1
218: 1
239: 2
274: 2
305: 10
313: 1
324: 6
350: 2
363: 1
590: 3
775: 2
923: 1
1126: 2
1274: 1
1514: 6
protocol: 
TCP
UDP
src_ip: 
192.168.109.1: 10
192.168.109.2: 7
13.224.164.13: 2
13.224.164.53: 2
54.230.126.63: 1
172.217.24.67: 1
34.107.221.82: 4
52.10.162.146: 73
src_port: 
53: 7
80: 5
443: 78
54915: 10
dst_ip: 
2188224704: 14
4285376704: 10
dst_port: 
33990: 1
34002: 1
34004: 1
34006: 1
34008: 1
34010: 1
37324: 2
39434: 2
39438: 1
47882: 1
48376: 1
48586: 1
54915: 10
flags: 
-: 10
ACK: 13
FIN,PSH,ACK: 1
length: 
60: 14
305: 10
protocol: 
TCP
UDP
src_ip: 
192.168.109.1: 10
13.224.164.13: 2
117.18.237.29: 1
54.230.126.63: 1
172.217.24.67: 1
34.107.221.82: 3
52.10.162.146: 6
src_port: 
80: 5
443: 9
54915: 10
dst_ip: 
0: 8
369098976: 3
2188224704: 11
4211081440: 4
4227858656: 1
4285376704: 10
dst_port: 
0: 6
5353: 8
5355: 2
33990: 1
34002: 1
34004: 1
34006: 1
34008: 1
34010: 1
39438: 1
47882: 1
48376: 2
48586: 1
54915: 10
flags: 
-: 26
ACK: 11
length: 
60: 14
75: 1
81: 2
90: 3
95: 1
101: 2
119: 2
139: 2
305: 10
protocol: 
-
TCP
UDP
-
src_ip: 
0.0.0.0: 8
192.168.109.1: 18
117.18.237.29: 1
54.230.126.63: 2
172.217.24.67: 1
34.107.221.82: 1
52.10.162.146: 6
src_port: 
0: 6
80: 3
443: 8
5353: 8
54915: 10
65338: 2
dst_ip: 
0: 6
2188224704: 11
4211081199: 4
4211081440: 4
4227858656: 2
4285376704: 13
dst_port: 
137: 3
1900: 4
5353: 8
5355: 4
33990: 1
34002: 1
34004: 1
34006: 1
34008: 1
34010: 1
37324: 1
39438: 1
47882: 1
48586: 2
54915: 10
flags: 
-: 29
ACK: 11
length: 
60: 11
64: 2
70: 4
84: 2
90: 4
92: 3
216: 4
305: 10
protocol: 
TCP
UDP
src_ip: 
0.0.0.0: 6
192.168.109.1: 23
13.224.164.13: 1
117.18.237.29: 1
172.217.24.67: 2
34.107.221.82: 1
52.10.162.146: 6
src_port: 
80: 4
137: 3
443: 7
5353: 8
51932: 4
54680: 4
54915: 10
dst_ip: 
2188224704: 12
4285376704: 10
dst_port: 
33990: 1
34002: 1
34004: 1
34006: 1
34008: 1
34010: 1
37324: 1
39438: 1
47882: 1
48376: 1
48586: 2
54915: 10
flags: 
-: 10
ACK: 12
length: 
60: 12
305: 10
protocol: 
TCP
UDP
src_ip: 
192.168.109.1: 10
13.224.164.13: 1
117.18.237.29: 1
54.230.126.63: 1
172.217.24.67: 2
34.107.221.82: 1
52.10.162.146: 6
src_port: 
80: 4
443: 8
54915: 10
dst_ip: 
0: 1
2188224704: 10
4285376704: 11
dst_port: 
0: 1
33990: 1
34002: 1
34004: 1
34006: 1
34008: 1
34010: 1
37324: 1
39438: 1
47882: 1
48376: 1
54915: 11
flags: 
-: 12
ACK: 10
length: 
60: 11
305: 11
protocol: 
-
TCP
UDP
src_ip: 
0.0.0.0: 1
192.168.109.1: 11
13.224.164.13: 1
117.18.237.29: 1
54.230.126.63: 1
34.107.221.82: 1
52.10.162.146: 6
src_port: 
0: 1
80: 2
443: 8
54915: 11
dst_ip: 
2188224704: 32
4285376704: 11
dst_port: 
33300: 11
33990: 1
34002: 1
34004: 1
34006: 1
34008: 1
34010: 1
35533: 1
37324: 3
39438: 1
46641: 1
47754: 1
47882: 2
48376: 3
48586: 2
54915: 11
55128: 1
flags: 
-: 14
ACK: 23
SYN,ACK: 1
PSH,ACK: 4
FIN,PSH,ACK: 1
length: 
60: 24
105: 1
169: 1
184: 1
224: 1
305: 11
368: 1
900: 1
1514: 2
protocol: 
TCP
UDP
src_ip: 
192.168.109.1: 11
192.168.109.2: 3
13.224.164.13: 3
117.18.237.29: 2
13.224.164.53: 1
54.230.126.63: 3
172.217.24.67: 2
34.107.221.82: 1
52.10.162.146: 6
111.221.29.254: 11
src_port: 
53: 3
80: 5
443: 24
54915: 11
dst_ip: 
0: 10
2188224704: 10
4211081440: 6
4227858656: 5
4285376704: 14
dst_port: 
137: 4
5353: 12
5355: 9
33990: 1
34002: 1
34004: 1
34006: 1
34008: 1
34010: 1
39438: 1
54915: 10
55128: 3
flags: 
-: 35
ACK: 10
length: 
60: 10
64: 5
70: 6
84: 4
90: 6
92: 4
305: 10
protocol: 
TCP
UDP
src_ip: 
0.0.0.0: 10
192.168.109.1: 25
13.224.164.53: 3
34.107.221.82: 1
52.10.162.146: 6
src_port: 
80: 1
137: 4
443: 9
5353: 12
54915: 10
62223: 5
63785: 4
dst_ip: 
0: 2
2188224704: 12
4211081440: 2
4285376704: 13
dst_port: 
137: 2
5353: 4
33990: 1
34002: 1
34004: 1
34006: 1
34008: 1
34010: 1
37324: 1
39438: 1
47882: 1
48376: 1
48586: 1
54915: 11
55128: 1
flags: 
-: 17
ACK: 7
RST,ACK: 5
length: 
60: 12
70: 2
90: 2
92: 2
305: 11
protocol: 
TCP
UDP
src_ip: 
0.0.0.0: 2
192.168.109.1: 15
13.224.164.13: 1
117.18.237.29: 1
13.224.164.53: 1
54.230.126.63: 1
172.217.24.67: 1
34.107.221.82: 1
52.10.162.146: 6
src_port: 
80: 3
137: 2
443: 9
5353: 4
54915: 11
dst_ip: 
2188224704: 7
4285376704: 11
dst_port: 
33990: 1
34002: 1
34004: 1
34006: 1
34008: 1
34010: 1
39438: 1
54915: 11
flags: 
-: 11
ACK: 7
length: 
60: 7
305: 11
protocol: 
TCP
UDP
src_ip: 
192.168.109.1: 11
34.107.221.82: 1
52.10.162.146: 6
src_port: 
80: 1
443: 6
54915: 11
dst_ip: 
2188224704: 7
4285376704: 11
dst_port: 
33990: 1
34002: 1
34004: 1
34006: 1
34008: 1
34010: 1
39438: 1
54915: 11
flags: 
-: 11
ACK: 7
length: 
60: 7
305: 11
protocol: 
TCP
UDP
src_ip: 
192.168.109.1: 11
34.107.221.82: 1
52.10.162.146: 6
src_port: 
80: 1
443: 6
54915: 11
dst_ip: 
2188224704: 7
4285376704: 11
dst_port: 
33990: 1
34002: 1
34004: 1
34006: 1
34008: 1
34010: 1
39438: 1
54915: 11
flags: 
-: 11
ACK: 7
length: 
60: 7
305: 11
protocol: 
TCP
UDP
src_ip: 
192.168.109.1: 11
34.107.221.82: 1
52.10.162.146: 6
src_port: 
80: 1
443: 6
54915: 11
dst_ip: 
2188224704: 13
4285376704: 11
dst_port: 
33990: 2
34002: 2
34004: 2
34006: 2
34008: 2
34010: 2
39438: 1
54915: 11
flags: 
-: 11
ACK: 13
length: 
60: 13
305: 11
protocol: 
TCP
UDP
src_ip: 
192.168.109.1: 11
34.107.221.82: 1
52.10.162.146: 12
src_port: 
80: 1
443: 12
54915: 11
dst_ip: 
4285376704: 11
dst_port: 
54915: 11
flags: 
-: 11
length: 
305: 11
protocol: 
UDP
src_ip: 
192.168.109.1: 11
src_port: 
54915: 11
dst_ip: 
2188224704: 8
4285376704: 10
dst_port: 
33990: 1
34002: 1
34004: 2
34006: 1
34008: 1
34010: 1
39438: 1
54915: 10
flags: 
-: 10
RST,ACK: 8
length: 
60: 8
305: 10
protocol: 
TCP
UDP
src_ip: 
192.168.109.1: 10
34.107.221.82: 1
52.10.162.146: 7
src_port: 
80: 1
443: 7
54915: 10
dst_ip: 
4211081199: 4
4285376704: 11
dst_port: 
1900: 4
54915: 11
flags: 
-: 15
length: 
216: 4
305: 11
protocol: 
UDP
src_ip: 
192.168.109.1: 15
src_port: 
53800: 4
54915: 11
dst_ip: 
4285376704: 11
dst_port: 
54915: 11
flags: 
-: 11
length: 
305: 11
protocol: 
UDP
src_ip: 
192.168.109.1: 11
src_port: 
54915: 11
dst_ip: 
2188224704: 6
4285376704: 11
dst_port: 
36991: 1
41027: 1
54915: 11
59468: 4
flags: 
-: 13
ACK: 2
SYN,ACK: 1
FIN,PSH,ACK: 1
length: 
60: 3
148: 1
161: 1
202: 1
305: 11
protocol: 
TCP
UDP
src_ip: 
192.168.109.1: 11
192.168.109.2: 2
35.232.111.17: 4
src_port: 
53: 2
80: 4
54915: 11
dst_ip: 
4285376704: 11
dst_port: 
54915: 11
flags: 
-: 11
length: 
305: 11
protocol: 
UDP
src_ip: 
192.168.109.1: 11
src_port: 
54915: 11
dst_ip: 
4285376704: 11
dst_port: 
54915: 11
flags: 
-: 11
length: 
305: 11
protocol: 
UDP
src_ip: 
192.168.109.1: 11
src_port: 
54915: 11
dst_ip: 
4285376704: 11
dst_port: 
54915: 11
flags: 
-: 11
length: 
305: 11
protocol: 
UDP
src_ip: 
192.168.109.1: 11
src_port: 
54915: 11
dst_ip: 
2188224704: 100
4285376704: 11
dst_port: 
33856: 13
35591: 1
35858: 1
36480: 1
37238: 1
43188: 1
43526: 8
45631: 1
47920: 3
48166: 1
49579: 1
51636: 10
51638: 11
51640: 11
51642: 11
51644: 11
51646: 11
52948: 1
54915: 11
55044: 1
59499: 1
flags: 
-: 22
ACK: 40
SYN,ACK: 9
PSH,ACK: 37
FIN,PSH,ACK: 3
length: 
60: 51
85: 4
116: 6
136: 1
157: 1
185: 2
190: 1
206: 1
210: 1
217: 1
220: 1
264: 1
305: 11
370: 1
372: 1
602: 1
672: 1
853: 1
978: 1
987: 6
1434: 1
1484: 1
1494: 1
1495: 1
1504: 12
1514: 1
protocol: 
TCP
UDP
src_ip: 
192.168.109.1: 11
192.168.109.2: 11
52.84.228.28: 8
117.18.237.29: 3
34.98.75.36: 13
52.84.228.71: 65
src_port: 
53: 11
80: 3
443: 86
54915: 11
dst_ip: 
2188224704: 2
4285376704: 11
dst_port: 
43526: 1
47920: 1
54915: 11
flags: 
-: 11
ACK: 2
length: 
60: 2
305: 11
protocol: 
TCP
UDP
src_ip: 
192.168.109.1: 11
52.84.228.28: 1
117.18.237.29: 1
src_port: 
80: 1
443: 1
54915: 11
dst_ip: 
2188224704: 4
4285376704: 10
dst_port: 
68: 2
43526: 1
47920: 1
54915: 10
flags: 
-: 12
ACK: 2
length: 
60: 2
305: 10
342: 2
protocol: 
TCP
UDP
src_ip: 
192.168.109.1: 10
52.84.228.28: 1
117.18.237.29: 1
192.168.109.254: 2
src_port: 
67: 2
80: 1
443: 1
54915: 10
dst_ip: 
0: 2
2188224704: 2
4285376704: 11
dst_port: 
0: 2
43526: 1
47920: 1
54915: 11
flags: 
-: 13
ACK: 2
length: 
60: 4
305: 11
protocol: 
-
TCP
UDP
src_ip: 
0.0.0.0: 2
192.168.109.1: 11
52.84.228.28: 1
117.18.237.29: 1
src_port: 
0: 2
80: 1
443: 1
54915: 11
dst_ip: 
2188224704: 2
4285376704: 11
dst_port: 
43526: 1
47920: 1
54915: 11
flags: 
-: 11
ACK: 2
length: 
60: 2
305: 11
protocol: 
TCP
UDP
src_ip: 
192.168.109.1: 11
52.84.228.28: 1
117.18.237.29: 1
src_port: 
80: 1
443: 1
54915: 11
dst_ip: 
2188224704: 2
4285376704: 11
dst_port: 
43526: 1
47920: 1
54915: 11
flags: 
-: 11
ACK: 2
length: 
60: 2
305: 11
protocol: 
TCP
UDP
src_ip: 
192.168.109.1: 11
52.84.228.28: 1
117.18.237.29: 1
src_port: 
80: 1
443: 1
54915: 11
dst_ip: 
0: 1
2188224704: 6
4211081199: 4
4285376704: 11
dst_port: 
0: 1
1900: 4
33856: 2
43526: 1
47920: 1
51636: 2
54915: 11
flags: 
-: 16
ACK: 4
PSH,ACK: 2
length: 
60: 5
93: 2
216: 4
305: 11
protocol: 
-
TCP
UDP
src_ip: 
0.0.0.0: 1
192.168.109.1: 15
52.84.228.28: 1
117.18.237.29: 1
34.98.75.36: 2
52.84.228.71: 2
src_port: 
0: 1
80: 1
443: 5
54915: 11
61299: 4
dst_ip: 
2188224704: 2
4285376704: 11
dst_port: 
43526: 1
47920: 1
54915: 11
flags: 
-: 11
ACK: 2
length: 
60: 2
305: 11
protocol: 
TCP
UDP
src_ip: 
192.168.109.1: 11
52.84.228.28: 1
117.18.237.29: 1
src_port: 
80: 1
443: 1
54915: 11
dst_ip: 
2188224704: 2
4285376704: 11
dst_port: 
43526: 1
47920: 1
54915: 11
flags: 
-: 11
ACK: 2
length: 
60: 2
305: 11
protocol: 
TCP
UDP
src_ip: 
192.168.109.1: 11
52.84.228.28: 1
117.18.237.29: 1
src_port: 
80: 1
443: 1
54915: 11
dst_ip: 
2188224704: 2
4285376704: 11
dst_port: 
43526: 1
47920: 1
54915: 11
flags: 
-: 11
ACK: 2
length: 
60: 2
305: 11
protocol: 
TCP
UDP
src_ip: 
192.168.109.1: 11
52.84.228.28: 1
117.18.237.29: 1
src_port: 
80: 1
443: 1
54915: 11
dst_ip: 
2188224704: 2
4285376704: 11
dst_port: 
43526: 1
47920: 1
54915: 11
flags: 
-: 11
ACK: 2
length: 
60: 2
305: 11
protocol: 
TCP
UDP
src_ip: 
192.168.109.1: 11
52.84.228.28: 1
117.18.237.29: 1
src_port: 
80: 1
443: 1
54915: 11
dst_ip: 
2188224704: 2
4285376704: 11
dst_port: 
43526: 1
47920: 1
54915: 11
flags: 
-: 11
ACK: 2
length: 
60: 2
305: 11
protocol: 
TCP
UDP
src_ip: 
192.168.109.1: 11
52.84.228.28: 1
117.18.237.29: 1
src_port: 
80: 1
443: 1
54915: 11
dst_ip: 
2188224704: 9
4285376704: 11
dst_port: 
33856: 2
43526: 3
47920: 2
51636: 2
54915: 11
flags: 
-: 11
ACK: 5
PSH,ACK: 2
FIN,PSH,ACK: 2
length: 
60: 7
93: 2
305: 11
protocol: 
TCP
UDP
src_ip: 
192.168.109.1: 11
52.84.228.28: 3
117.18.237.29: 2
34.98.75.36: 2
52.84.228.71: 2
src_port: 
80: 2
443: 7
54915: 11
dst_ip: 
4285376704: 11
dst_port: 
54915: 11
flags: 
-: 11
length: 
305: 11
protocol: 
UDP
src_ip: 
192.168.109.1: 11
src_port: 
54915: 11
dst_ip: 
0: 2
4227858656: 2
4285376704: 11
dst_port: 
5355: 4
54915: 11
flags: 
-: 15
length: 
84: 2
104: 2
305: 11
protocol: 
UDP
src_ip: 
0.0.0.0: 2
192.168.109.1: 13
src_port: 
54915: 11
59937: 4
dst_ip: 
4285376704: 11
dst_port: 
54915: 11
flags: 
-: 11
length: 
305: 11
protocol: 
UDP
src_ip: 
192.168.109.1: 11
src_port: 
54915: 11
dst_ip: 
4285376704: 11
dst_port: 
54915: 11
flags: 
-: 11
length: 
305: 11
protocol: 
UDP
src_ip: 
192.168.109.1: 11
src_port: 
54915: 11
dst_ip: 
2188224704: 8
4285376704: 11
dst_port: 
33856: 4
51636: 4
54915: 11
flags: 
-: 11
ACK: 6
FIN,PSH,ACK: 2
length: 
60: 8
305: 11
protocol: 
TCP
UDP
src_ip: 
192.168.109.1: 11
34.98.75.36: 4
52.84.228.71: 4
src_port: 
443: 8
54915: 11
dst_ip: 
0: 7
2188224704: 15
4211081199: 4
4211081440: 4
4227858656: 2
4285376704: 13
dst_port: 
0: 1
137: 3
1900: 4
5353: 8
5355: 4
33322: 12
40237: 1
48403: 1
54915: 10
60106: 1
flags: 
-: 33
ACK: 6
SYN,ACK: 1
PSH,ACK: 4
FIN,PSH,ACK: 1
length: 
60: 8
64: 2
70: 4
84: 2
90: 4
92: 3
105: 1
163: 1
164: 1
216: 4
224: 1
305: 10
368: 1
900: 1
1514: 2
protocol: 
-
TCP
UDP
src_ip: 
0.0.0.0: 7
192.168.109.1: 23
192.168.109.2: 3
111.221.29.254: 12
src_port: 
0: 1
53: 3
137: 3
443: 12
5353: 8
54915: 10
62928: 4
62953: 4
dst_ip: 
4285376704: 11
dst_port: 
54915: 11
flags: 
-: 11
length: 
305: 11
protocol: 
UDP
src_ip: 
192.168.109.1: 11
src_port: 
54915: 11
dst_ip: 
4285376704: 11
dst_port: 
54915: 11
flags: 
-: 11
length: 
305: 11
protocol: 
UDP
src_ip: 
192.168.109.1: 11
src_port: 
54915: 11
dst_ip: 
4285376704: 11
dst_port: 
54915: 11
flags: 
-: 11
length: 
305: 11
protocol: 
UDP
src_ip: 
192.168.109.1: 11
src_port: 
54915: 11
dst_ip: 
4285376704: 11
dst_port: 
54915: 11
flags: 
-: 11
length: 
305: 11
protocol: 
UDP
src_ip: 
192.168.109.1: 11
src_port: 
54915: 11
dst_ip: 
4285376704: 11
dst_port: 
54915: 11
flags: 
-: 11
length: 
305: 11
protocol: 
UDP
src_ip: 
192.168.109.1: 11
src_port: 
54915: 11
