+------------------------------+
| +-------+                    |
| | flags |                    |
| +-------+                    |
+------------------------------+
| +---+----------+----------+  |
| | 1 | 0.000000 | 0.000000 |  |
| +---+----------+----------+  |
+------------------------------+
| +---+-----------+----------+ |
| | 2 | -0.087794 | 0.000000 | |
| +---+-----------+----------+ |
+------------------------------+
| +---+-----------+----------+ |
| | 3 | -0.036366 | 0.000000 | |
| +---+-----------+----------+ |
+------------------------------+
| +---+----------+----------+  |
| | 4 | 0.000000 | 0.123284 |  |
| +---+----------+----------+  |
+------------------------------+
| +---+-----------+----------+ |
| | 5 | -0.087794 | 0.000000 | |
| +---+-----------+----------+ |
+------------------------------+
| +---+-----------+----------+ |
| | 6 | -0.008260 | 0.000000 | |
| +---+-----------+----------+ |
+------------------------------+
| +---+----------+----------+  |
| | 7 | 0.000000 | 0.055578 |  |
| +---+----------+----------+  |
+------------------------------+
| +---+-----------+----------+ |
| | 8 | -0.005030 | 0.000000 | |
| +---+-----------+----------+ |
+------------------------------+
| +---+----------+----------+  |
| | 9 | 0.000000 | 0.000000 |  |
| +---+----------+----------+  |
+------------------------------+
| +----+----------+----------+ |
| | 10 | 0.000000 | 0.000000 | |
| +----+----------+----------+ |
+------------------------------+
+------------------------------+
| +--------+                   |
| | src_ip |                   |
| +--------+                   |
+------------------------------+
| +---+----------+----------+  |
| | 1 | 0.000000 | 0.121367 |  |
| +---+----------+----------+  |
+------------------------------+
| +---+-----------+----------+ |
| | 2 | -0.065409 | 0.000000 | |
| +---+-----------+----------+ |
+------------------------------+
| +---+----------+----------+  |
| | 3 | 0.000000 | 0.000000 |  |
| +---+----------+----------+  |
+------------------------------+
| +---+----------+----------+  |
| | 4 | 0.000000 | 0.022952 |  |
| +---+----------+----------+  |
+------------------------------+
| +---+-----------+----------+ |
| | 5 | -0.065409 | 0.000000 | |
| +---+-----------+----------+ |
+------------------------------+
| +---+-----------+----------+ |
| | 6 | -0.130819 | 0.000000 | |
| +---+-----------+----------+ |
+------------------------------+
| +---+----------+----------+  |
| | 7 | 0.000000 | 0.122574 |  |
| +---+----------+----------+  |
+------------------------------+
| +---+----------+----------+  |
| | 8 | 0.000000 | 0.000000 |  |
| +---+----------+----------+  |
+------------------------------+
| +---+----------+----------+  |
| | 9 | 0.000000 | 0.000000 |  |
| +---+----------+----------+  |
+------------------------------+
| +----+----------+----------+ |
| | 10 | 0.000000 | 0.011072 | |
| +----+----------+----------+ |
+------------------------------+
+------------------------------+
| +----------+                 |
| | src_port |                 |
| +----------+                 |
+------------------------------+
| +---+----------+----------+  |
| | 1 | 0.000000 | 0.000000 |  |
| +---+----------+----------+  |
+------------------------------+
| +---+-----------+----------+ |
| | 2 | -0.087794 | 0.000000 | |
| +---+-----------+----------+ |
+------------------------------+
| +---+-----------+----------+ |
| | 3 | -0.036366 | 0.000000 | |
| +---+-----------+----------+ |
+------------------------------+
| +---+----------+----------+  |
| | 4 | 0.000000 | 0.123284 |  |
| +---+----------+----------+  |
+------------------------------+
| +---+-----------+----------+ |
| | 5 | -0.087794 | 0.000000 | |
| +---+-----------+----------+ |
+------------------------------+
| +---+-----------+----------+ |
| | 6 | -0.008260 | 0.000000 | |
| +---+-----------+----------+ |
+------------------------------+
| +---+----------+----------+  |
| | 7 | 0.000000 | 0.055578 |  |
| +---+----------+----------+  |
+------------------------------+
| +---+-----------+----------+ |
| | 8 | -0.005030 | 0.000000 | |
| +---+-----------+----------+ |
+------------------------------+
| +---+----------+----------+  |
| | 9 | 0.000000 | 0.000000 |  |
| +---+----------+----------+  |
+------------------------------+
| +----+----------+----------+ |
| | 10 | 0.000000 | 0.000000 | |
| +----+----------+----------+ |
+------------------------------+
