Determining if the pthread_create exist failed with the following output:
Change Dir: /home/ubuntu/Tools/fireflow/build/CMakeFiles/CMakeTmp

Run Build Command:"/usr/bin/make" "cmTC_09c86/fast"
/usr/bin/make -f CMakeFiles/cmTC_09c86.dir/build.make CMakeFiles/cmTC_09c86.dir/build
make[1]: Entering directory '/home/ubuntu/Tools/fireflow/build/CMakeFiles/CMakeTmp'
Building C object CMakeFiles/cmTC_09c86.dir/CheckSymbolExists.c.o
/usr/bin/gcc-7    -o CMakeFiles/cmTC_09c86.dir/CheckSymbolExists.c.o   -c /home/ubuntu/Tools/fireflow/build/CMakeFiles/CMakeTmp/CheckSymbolExists.c
Linking C executable cmTC_09c86
/usr/bin/cmake -E cmake_link_script CMakeFiles/cmTC_09c86.dir/link.txt --verbose=1
/usr/bin/gcc-7      CMakeFiles/cmTC_09c86.dir/CheckSymbolExists.c.o  -o cmTC_09c86 
CMakeFiles/cmTC_09c86.dir/CheckSymbolExists.c.o: In function `main':
CheckSymbolExists.c:(.text+0x1b): undefined reference to `pthread_create'
collect2: error: ld returned 1 exit status
CMakeFiles/cmTC_09c86.dir/build.make:97: recipe for target 'cmTC_09c86' failed
make[1]: *** [cmTC_09c86] Error 1
make[1]: Leaving directory '/home/ubuntu/Tools/fireflow/build/CMakeFiles/CMakeTmp'
Makefile:126: recipe for target 'cmTC_09c86/fast' failed
make: *** [cmTC_09c86/fast] Error 2

File /home/ubuntu/Tools/fireflow/build/CMakeFiles/CMakeTmp/CheckSymbolExists.c:
/* */
#include <pthread.h>

int main(int argc, char** argv)
{
  (void)argv;
#ifndef pthread_create
  return ((int*)(&pthread_create))[argc];
#else
  (void)argc;
  return 0;
#endif
}

Determining if the function pthread_create exists in the pthreads failed with the following output:
Change Dir: /home/ubuntu/Tools/fireflow/build/CMakeFiles/CMakeTmp

Run Build Command:"/usr/bin/make" "cmTC_4ebb2/fast"
/usr/bin/make -f CMakeFiles/cmTC_4ebb2.dir/build.make CMakeFiles/cmTC_4ebb2.dir/build
make[1]: Entering directory '/home/ubuntu/Tools/fireflow/build/CMakeFiles/CMakeTmp'
Building C object CMakeFiles/cmTC_4ebb2.dir/CheckFunctionExists.c.o
/usr/bin/gcc-7   -DCHECK_FUNCTION_EXISTS=pthread_create   -o CMakeFiles/cmTC_4ebb2.dir/CheckFunctionExists.c.o   -c /usr/share/cmake-3.10/Modules/CheckFunctionExists.c
Linking C executable cmTC_4ebb2
/usr/bin/cmake -E cmake_link_script CMakeFiles/cmTC_4ebb2.dir/link.txt --verbose=1
/usr/bin/gcc-7  -DCHECK_FUNCTION_EXISTS=pthread_create    CMakeFiles/cmTC_4ebb2.dir/CheckFunctionExists.c.o  -o cmTC_4ebb2 -lpthreads 
/usr/bin/ld: cannot find -lpthreads
collect2: error: ld returned 1 exit status
CMakeFiles/cmTC_4ebb2.dir/build.make:97: recipe for target 'cmTC_4ebb2' failed
make[1]: *** [cmTC_4ebb2] Error 1
make[1]: Leaving directory '/home/ubuntu/Tools/fireflow/build/CMakeFiles/CMakeTmp'
Makefile:126: recipe for target 'cmTC_4ebb2/fast' failed
make: *** [cmTC_4ebb2/fast] Error 2


